<?xml version="1.0" encoding="UTF-8"?>
<testsuite name="com.example.project.TestGroceryStore" tests="2" skipped="0" failures="0" errors="0" timestamp="2025-02-15T02:25:29" hostname="codespaces-9ba5aa" time="0.037">
  <properties/>
  <testcase name="testReorderPARTA()" classname="com.example.project.TestGroceryStore" time="0.003"/>
  <testcase name="testReorderPARTB()" classname="com.example.project.TestGroceryStore" time="0.024"/>
  <system-out><![CDATA[]]></system-out>
  <system-err><![CDATA[]]></system-err>
</testsuite>
